280,180	310,210     Visible:0	0	list->isavail:0	list->isp1:0
280,210	310,240     Visible:0	1	list->isavail:0	list->isp1:0
280,240	310,270     Visible:0	2	list->isavail:0	list->isp1:0
280,270	310,300     Visible:0	3	list->isavail:0	list->isp1:0
280,300	310,330     Visible:0	4	list->isavail:0	list->isp1:0
280,330	310,360     Visible:0	5	list->isavail:0	list->isp1:0
280,360	310,390     Visible:0	6	list->isavail:0	list->isp1:0
280,390	310,420     Visible:0	7	list->isavail:0	list->isp1:0
310,180	340,210     Visible:0	8	list->isavail:0	list->isp1:0
310,210	340,240     Visible:0	9	list->isavail:0	list->isp1:0
310,240	340,270     Visible:0	10	list->isavail:0	list->isp1:0
310,270	340,300     Visible:0	11	list->isavail:0	list->isp1:0
310,300	340,330     Visible:0	12	list->isavail:0	list->isp1:0
310,330	340,360     Visible:0	13	list->isavail:0	list->isp1:0
310,360	340,390     Visible:0	14	list->isavail:0	list->isp1:0
310,390	340,420     Visible:0	15	list->isavail:0	list->isp1:0
340,180	370,210     Visible:0	16	list->isavail:0	list->isp1:0
340,210	370,240     Visible:0	17	list->isavail:0	list->isp1:0
340,240	370,270     Visible:0	18	list->isavail:0	list->isp1:0
340,270	370,300     Visible:1	19	list->isavail:1	list->isp1:0
340,300	370,330     Visible:1	20	list->isavail:1	list->isp1:1
340,330	370,360     Visible:0	21	list->isavail:0	list->isp1:0
340,360	370,390     Visible:0	22	list->isavail:0	list->isp1:0
340,390	370,420     Visible:0	23	list->isavail:0	list->isp1:0
370,180	400,210     Visible:0	24	list->isavail:0	list->isp1:0
370,210	400,240     Visible:0	25	list->isavail:0	list->isp1:0
370,240	400,270     Visible:1	26	list->isavail:1	list->isp1:0
370,270	400,300     Visible:1	27	list->isavail:0	list->isp1:0
370,300	400,330     Visible:1	28	list->isavail:0	list->isp1:1
370,330	400,360     Visible:1	29	list->isavail:1	list->isp1:1
370,360	400,390     Visible:0	30	list->isavail:0	list->isp1:0
370,390	400,420     Visible:0	31	list->isavail:0	list->isp1:0
400,180	430,210     Visible:0	32	list->isavail:0	list->isp1:0
400,210	430,240     Visible:0	33	list->isavail:0	list->isp1:0
400,240	430,270     Visible:1	34	list->isavail:1	list->isp1:1
400,270	430,300     Visible:1	35	list->isavail:0	list->isp1:1
400,300	430,330     Visible:1	36	list->isavail:0	list->isp1:0
400,330	430,360     Visible:1	37	list->isavail:1	list->isp1:0
400,360	430,390     Visible:0	38	list->isavail:0	list->isp1:0
400,390	430,420     Visible:0	39	list->isavail:0	list->isp1:0
430,180	460,210     Visible:0	40	list->isavail:0	list->isp1:0
430,210	460,240     Visible:0	41	list->isavail:0	list->isp1:0
430,240	460,270     Visible:0	42	list->isavail:0	list->isp1:0
430,270	460,300     Visible:1	43	list->isavail:1	list->isp1:1
430,300	460,330     Visible:1	44	list->isavail:1	list->isp1:0
430,330	460,360     Visible:0	45	list->isavail:0	list->isp1:0
430,360	460,390     Visible:0	46	list->isavail:0	list->isp1:0
430,390	460,420     Visible:0	47	list->isavail:0	list->isp1:0
460,180	490,210     Visible:0	48	list->isavail:0	list->isp1:0
460,210	490,240     Visible:0	49	list->isavail:0	list->isp1:0
460,240	490,270     Visible:0	50	list->isavail:0	list->isp1:0
460,270	490,300     Visible:0	51	list->isavail:0	list->isp1:0
460,300	490,330     Visible:0	52	list->isavail:0	list->isp1:0
460,330	490,360     Visible:0	53	list->isavail:0	list->isp1:0
460,360	490,390     Visible:0	54	list->isavail:0	list->isp1:0
460,390	490,420     Visible:0	55	list->isavail:0	list->isp1:0
490,180	520,210     Visible:0	56	list->isavail:0	list->isp1:0
490,210	520,240     Visible:0	57	list->isavail:0	list->isp1:0
490,240	520,270     Visible:0	58	list->isavail:0	list->isp1:0
490,270	520,300     Visible:0	59	list->isavail:0	list->isp1:0
490,300	520,330     Visible:0	60	list->isavail:0	list->isp1:0
490,330	520,360     Visible:0	61	list->isavail:0	list->isp1:0
490,360	520,390     Visible:0	62	list->isavail:0	list->isp1:0
490,390	520,420     Visible:0	63	list->isavail:0	list->isp1:0
280,180	310,210     Visible:0	0	list->isavail:0	list->isp1:0
280,210	310,240     Visible:0	1	list->isavail:0	list->isp1:0
280,240	310,270     Visible:0	2	list->isavail:0	list->isp1:0
280,270	310,300     Visible:0	3	list->isavail:0	list->isp1:0
280,300	310,330     Visible:0	4	list->isavail:0	list->isp1:0
280,330	310,360     Visible:0	5	list->isavail:0	list->isp1:0
280,360	310,390     Visible:0	6	list->isavail:0	list->isp1:0
280,390	310,420     Visible:0	7	list->isavail:0	list->isp1:0
310,180	340,210     Visible:0	8	list->isavail:0	list->isp1:0
310,210	340,240     Visible:0	9	list->isavail:0	list->isp1:0
310,240	340,270     Visible:0	10	list->isavail:0	list->isp1:0
310,270	340,300     Visible:1	11	list->isavail:1	list->isp1:1
310,300	340,330     Visible:1	12	list->isavail:1	list->isp1:1
310,330	340,360     Visible:1	13	list->isavail:1	list->isp1:1
310,360	340,390     Visible:0	14	list->isavail:0	list->isp1:0
310,390	340,420     Visible:0	15	list->isavail:0	list->isp1:0
340,180	370,210     Visible:0	16	list->isavail:0	list->isp1:0
340,210	370,240     Visible:0	17	list->isavail:0	list->isp1:0
340,240	370,270     Visible:1	18	list->isavail:1	list->isp1:0
340,270	370,300     Visible:1	19	list->isavail:1	list->isp1:0
340,300	370,330     Visible:1	20	list->isavail:0	list->isp1:1
340,330	370,360     Visible:1	21	list->isavail:1	list->isp1:1
340,360	370,390     Visible:0	22	list->isavail:0	list->isp1:0
340,390	370,420     Visible:0	23	list->isavail:0	list->isp1:0
370,180	400,210     Visible:0	24	list->isavail:0	list->isp1:0
370,210	400,240     Visible:0	25	list->isavail:0	list->isp1:0
370,240	400,270     Visible:1	26	list->isavail:1	list->isp1:0
370,270	400,300     Visible:1	27	list->isavail:0	list->isp1:0
370,300	400,330     Visible:1	28	list->isavail:0	list->isp1:1
370,330	400,360     Visible:1	29	list->isavail:1	list->isp1:1
370,360	400,390     Visible:0	30	list->isavail:0	list->isp1:0
370,390	400,420     Visible:0	31	list->isavail:0	list->isp1:0
400,180	430,210     Visible:0	32	list->isavail:0	list->isp1:0
400,210	430,240     Visible:0	33	list->isavail:0	list->isp1:0
400,240	430,270     Visible:1	34	list->isavail:1	list->isp1:1
400,270	430,300     Visible:1	35	list->isavail:0	list->isp1:1
400,300	430,330     Visible:1	36	list->isavail:0	list->isp1:0
400,330	430,360     Visible:1	37	list->isavail:1	list->isp1:0
400,360	430,390     Visible:0	38	list->isavail:0	list->isp1:0
400,390	430,420     Visible:0	39	list->isavail:0	list->isp1:0
430,180	460,210     Visible:0	40	list->isavail:0	list->isp1:0
430,210	460,240     Visible:0	41	list->isavail:0	list->isp1:0
430,240	460,270     Visible:1	42	list->isavail:1	list->isp1:1
430,270	460,300     Visible:1	43	list->isavail:1	list->isp1:1
430,300	460,330     Visible:1	44	list->isavail:1	list->isp1:0
430,330	460,360     Visible:1	45	list->isavail:1	list->isp1:0
430,360	460,390     Visible:0	46	list->isavail:0	list->isp1:0
430,390	460,420     Visible:0	47	list->isavail:0	list->isp1:0
460,180	490,210     Visible:0	48	list->isavail:0	list->isp1:0
460,210	490,240     Visible:0	49	list->isavail:0	list->isp1:0
460,240	490,270     Visible:0	50	list->isavail:0	list->isp1:0
460,270	490,300     Visible:0	51	list->isavail:0	list->isp1:0
460,300	490,330     Visible:0	52	list->isavail:0	list->isp1:0
460,330	490,360     Visible:0	53	list->isavail:0	list->isp1:0
460,360	490,390     Visible:0	54	list->isavail:0	list->isp1:0
460,390	490,420     Visible:0	55	list->isavail:0	list->isp1:0
490,180	520,210     Visible:0	56	list->isavail:0	list->isp1:0
490,210	520,240     Visible:0	57	list->isavail:0	list->isp1:0
490,240	520,270     Visible:0	58	list->isavail:0	list->isp1:0
490,270	520,300     Visible:0	59	list->isavail:0	list->isp1:0
490,300	520,330     Visible:0	60	list->isavail:0	list->isp1:0
490,330	520,360     Visible:0	61	list->isavail:0	list->isp1:0
490,360	520,390     Visible:0	62	list->isavail:0	list->isp1:0
490,390	520,420     Visible:0	63	list->isavail:0	list->isp1:0
280,180	310,210     Visible:0	0	list->isavail:0	list->isp1:0
280,210	310,240     Visible:0	1	list->isavail:0	list->isp1:0
280,240	310,270     Visible:0	2	list->isavail:0	list->isp1:0
280,270	310,300     Visible:0	3	list->isavail:0	list->isp1:0
280,300	310,330     Visible:0	4	list->isavail:0	list->isp1:0
280,330	310,360     Visible:0	5	list->isavail:0	list->isp1:0
280,360	310,390     Visible:0	6	list->isavail:0	list->isp1:0
280,390	310,420     Visible:0	7	list->isavail:0	list->isp1:0
310,180	340,210     Visible:0	8	list->isavail:0	list->isp1:0
310,210	340,240     Visible:0	9	list->isavail:0	list->isp1:0
310,240	340,270     Visible:0	10	list->isavail:0	list->isp1:0
310,270	340,300     Visible:1	11	list->isavail:1	list->isp1:0
310,300	340,330     Visible:1	12	list->isavail:1	list->isp1:0
310,330	340,360     Visible:1	13	list->isavail:1	list->isp1:0
310,360	340,390     Visible:0	14	list->isavail:0	list->isp1:0
310,390	340,420     Visible:0	15	list->isavail:0	list->isp1:0
340,180	370,210     Visible:0	16	list->isavail:0	list->isp1:0
340,210	370,240     Visible:0	17	list->isavail:0	list->isp1:0
340,240	370,270     Visible:1	18	list->isavail:1	list->isp1:1
340,270	370,300     Visible:1	19	list->isavail:1	list->isp1:0
340,300	370,330     Visible:1	20	list->isavail:0	list->isp1:1
340,330	370,360     Visible:1	21	list->isavail:1	list->isp1:0
340,360	370,390     Visible:0	22	list->isavail:0	list->isp1:0
340,390	370,420     Visible:0	23	list->isavail:0	list->isp1:0
370,180	400,210     Visible:0	24	list->isavail:0	list->isp1:0
370,210	400,240     Visible:0	25	list->isavail:0	list->isp1:0
370,240	400,270     Visible:1	26	list->isavail:1	list->isp1:0
370,270	400,300     Visible:1	27	list->isavail:0	list->isp1:0
370,300	400,330     Visible:1	28	list->isavail:0	list->isp1:1
370,330	400,360     Visible:1	29	list->isavail:1	list->isp1:1
370,360	400,390     Visible:0	30	list->isavail:0	list->isp1:0
370,390	400,420     Visible:0	31	list->isavail:0	list->isp1:0
400,180	430,210     Visible:0	32	list->isavail:0	list->isp1:0
400,210	430,240     Visible:0	33	list->isavail:0	list->isp1:0
400,240	430,270     Visible:1	34	list->isavail:1	list->isp1:1
400,270	430,300     Visible:1	35	list->isavail:0	list->isp1:1
400,300	430,330     Visible:1	36	list->isavail:0	list->isp1:0
400,330	430,360     Visible:1	37	list->isavail:1	list->isp1:0
400,360	430,390     Visible:0	38	list->isavail:0	list->isp1:0
400,390	430,420     Visible:0	39	list->isavail:0	list->isp1:0
430,180	460,210     Visible:0	40	list->isavail:0	list->isp1:0
430,210	460,240     Visible:0	41	list->isavail:0	list->isp1:0
430,240	460,270     Visible:1	42	list->isavail:1	list->isp1:0
430,270	460,300     Visible:1	43	list->isavail:1	list->isp1:1
430,300	460,330     Visible:1	44	list->isavail:1	list->isp1:0
430,330	460,360     Visible:1	45	list->isavail:1	list->isp1:1
430,360	460,390     Visible:0	46	list->isavail:0	list->isp1:0
430,390	460,420     Visible:0	47	list->isavail:0	list->isp1:0
460,180	490,210     Visible:0	48	list->isavail:0	list->isp1:0
460,210	490,240     Visible:0	49	list->isavail:0	list->isp1:0
460,240	490,270     Visible:0	50	list->isavail:0	list->isp1:0
460,270	490,300     Visible:0	51	list->isavail:0	list->isp1:0
460,300	490,330     Visible:0	52	list->isavail:0	list->isp1:0
460,330	490,360     Visible:0	53	list->isavail:0	list->isp1:0
460,360	490,390     Visible:0	54	list->isavail:0	list->isp1:0
460,390	490,420     Visible:0	55	list->isavail:0	list->isp1:0
490,180	520,210     Visible:0	56	list->isavail:0	list->isp1:0
490,210	520,240     Visible:0	57	list->isavail:0	list->isp1:0
490,240	520,270     Visible:0	58	list->isavail:0	list->isp1:0
490,270	520,300     Visible:0	59	list->isavail:0	list->isp1:0
490,300	520,330     Visible:0	60	list->isavail:0	list->isp1:0
490,330	520,360     Visible:0	61	list->isavail:0	list->isp1:0
490,360	520,390     Visible:0	62	list->isavail:0	list->isp1:0
490,390	520,420     Visible:0	63	list->isavail:0	list->isp1:0
280,180	310,210     Visible:0	0	list->isavail:0	list->isp1:0
280,210	310,240     Visible:0	1	list->isavail:0	list->isp1:0
280,240	310,270     Visible:0	2	list->isavail:0	list->isp1:0
280,270	310,300     Visible:0	3	list->isavail:0	list->isp1:0
280,300	310,330     Visible:0	4	list->isavail:0	list->isp1:0
280,330	310,360     Visible:0	5	list->isavail:0	list->isp1:0
280,360	310,390     Visible:0	6	list->isavail:0	list->isp1:0
280,390	310,420     Visible:0	7	list->isavail:0	list->isp1:0
310,180	340,210     Visible:0	8	list->isavail:0	list->isp1:0
310,210	340,240     Visible:0	9	list->isavail:0	list->isp1:0
310,240	340,270     Visible:0	10	list->isavail:0	list->isp1:0
310,270	340,300     Visible:1	11	list->isavail:1	list->isp1:0
310,300	340,330     Visible:1	12	list->isavail:1	list->isp1:0
310,330	340,360     Visible:1	13	list->isavail:1	list->isp1:0
310,360	340,390     Visible:0	14	list->isavail:0	list->isp1:0
310,390	340,420     Visible:0	15	list->isavail:0	list->isp1:0
340,180	370,210     Visible:0	16	list->isavail:0	list->isp1:0
340,210	370,240     Visible:0	17	list->isavail:0	list->isp1:0
340,240	370,270     Visible:1	18	list->isavail:1	list->isp1:1
340,270	370,300     Visible:1	19	list->isavail:1	list->isp1:0
340,300	370,330     Visible:1	20	list->isavail:0	list->isp1:1
340,330	370,360     Visible:1	21	list->isavail:1	list->isp1:0
340,360	370,390     Visible:0	22	list->isavail:0	list->isp1:0
340,390	370,420     Visible:0	23	list->isavail:0	list->isp1:0
370,180	400,210     Visible:0	24	list->isavail:0	list->isp1:0
370,210	400,240     Visible:0	25	list->isavail:0	list->isp1:0
370,240	400,270     Visible:1	26	list->isavail:1	list->isp1:0
370,270	400,300     Visible:1	27	list->isavail:0	list->isp1:0
370,300	400,330     Visible:1	28	list->isavail:0	list->isp1:1
370,330	400,360     Visible:1	29	list->isavail:1	list->isp1:1
370,360	400,390     Visible:0	30	list->isavail:0	list->isp1:0
370,390	400,420     Visible:0	31	list->isavail:0	list->isp1:0
400,180	430,210     Visible:0	32	list->isavail:0	list->isp1:0
400,210	430,240     Visible:0	33	list->isavail:0	list->isp1:0
400,240	430,270     Visible:1	34	list->isavail:1	list->isp1:1
400,270	430,300     Visible:1	35	list->isavail:0	list->isp1:1
400,300	430,330     Visible:1	36	list->isavail:0	list->isp1:0
400,330	430,360     Visible:1	37	list->isavail:1	list->isp1:0
400,360	430,390     Visible:0	38	list->isavail:0	list->isp1:0
400,390	430,420     Visible:0	39	list->isavail:0	list->isp1:0
430,180	460,210     Visible:0	40	list->isavail:0	list->isp1:0
430,210	460,240     Visible:0	41	list->isavail:0	list->isp1:0
430,240	460,270     Visible:1	42	list->isavail:1	list->isp1:0
430,270	460,300     Visible:1	43	list->isavail:1	list->isp1:1
430,300	460,330     Visible:1	44	list->isavail:1	list->isp1:0
430,330	460,360     Visible:1	45	list->isavail:1	list->isp1:1
430,360	460,390     Visible:0	46	list->isavail:0	list->isp1:0
430,390	460,420     Visible:0	47	list->isavail:0	list->isp1:0
460,180	490,210     Visible:0	48	list->isavail:0	list->isp1:0
460,210	490,240     Visible:0	49	list->isavail:0	list->isp1:0
460,240	490,270     Visible:0	50	list->isavail:0	list->isp1:0
460,270	490,300     Visible:0	51	list->isavail:0	list->isp1:0
460,300	490,330     Visible:0	52	list->isavail:0	list->isp1:0
460,330	490,360     Visible:0	53	list->isavail:0	list->isp1:0
460,360	490,390     Visible:0	54	list->isavail:0	list->isp1:0
460,390	490,420     Visible:0	55	list->isavail:0	list->isp1:0
490,180	520,210     Visible:0	56	list->isavail:0	list->isp1:0
490,210	520,240     Visible:0	57	list->isavail:0	list->isp1:0
490,240	520,270     Visible:0	58	list->isavail:0	list->isp1:0
490,270	520,300     Visible:0	59	list->isavail:0	list->isp1:0
490,300	520,330     Visible:0	60	list->isavail:0	list->isp1:0
490,330	520,360     Visible:0	61	list->isavail:0	list->isp1:0
490,360	520,390     Visible:0	62	list->isavail:0	list->isp1:0
490,390	520,420     Visible:0	63	list->isavail:0	list->isp1:0
280,180	310,210     Visible:0	0	list->isavail:0	list->isp1:0
280,210	310,240     Visible:0	1	list->isavail:0	list->isp1:0
280,240	310,270     Visible:0	2	list->isavail:0	list->isp1:0
280,270	310,300     Visible:0	3	list->isavail:0	list->isp1:0
280,300	310,330     Visible:0	4	list->isavail:0	list->isp1:0
280,330	310,360     Visible:0	5	list->isavail:0	list->isp1:0
280,360	310,390     Visible:0	6	list->isavail:0	list->isp1:0
280,390	310,420     Visible:0	7	list->isavail:0	list->isp1:0
310,180	340,210     Visible:0	8	list->isavail:0	list->isp1:0
310,210	340,240     Visible:0	9	list->isavail:0	list->isp1:0
310,240	340,270     Visible:0	10	list->isavail:0	list->isp1:0
310,270	340,300     Visible:0	11	list->isavail:0	list->isp1:0
310,300	340,330     Visible:0	12	list->isavail:0	list->isp1:0
310,330	340,360     Visible:0	13	list->isavail:0	list->isp1:0
310,360	340,390     Visible:0	14	list->isavail:0	list->isp1:0
310,390	340,420     Visible:0	15	list->isavail:0	list->isp1:0
340,180	370,210     Visible:0	16	list->isavail:0	list->isp1:0
340,210	370,240     Visible:0	17	list->isavail:0	list->isp1:0
340,240	370,270     Visible:0	18	list->isavail:0	list->isp1:0
340,270	370,300     Visible:1	19	list->isavail:1	list->isp1:0
340,300	370,330     Visible:1	20	list->isavail:1	list->isp1:1
340,330	370,360     Visible:0	21	list->isavail:0	list->isp1:0
340,360	370,390     Visible:0	22	list->isavail:0	list->isp1:0
340,390	370,420     Visible:0	23	list->isavail:0	list->isp1:0
370,180	400,210     Visible:0	24	list->isavail:0	list->isp1:0
370,210	400,240     Visible:0	25	list->isavail:0	list->isp1:0
370,240	400,270     Visible:1	26	list->isavail:1	list->isp1:0
370,270	400,300     Visible:1	27	list->isavail:0	list->isp1:0
370,300	400,330     Visible:1	28	list->isavail:0	list->isp1:1
370,330	400,360     Visible:1	29	list->isavail:1	list->isp1:1
370,360	400,390     Visible:0	30	list->isavail:0	list->isp1:0
370,390	400,420     Visible:0	31	list->isavail:0	list->isp1:0
400,180	430,210     Visible:0	32	list->isavail:0	list->isp1:0
400,210	430,240     Visible:0	33	list->isavail:0	list->isp1:0
400,240	430,270     Visible:1	34	list->isavail:1	list->isp1:1
400,270	430,300     Visible:1	35	list->isavail:0	list->isp1:1
400,300	430,330     Visible:1	36	list->isavail:0	list->isp1:0
400,330	430,360     Visible:1	37	list->isavail:1	list->isp1:0
400,360	430,390     Visible:0	38	list->isavail:0	list->isp1:0
400,390	430,420     Visible:0	39	list->isavail:0	list->isp1:0
430,180	460,210     Visible:0	40	list->isavail:0	list->isp1:0
430,210	460,240     Visible:0	41	list->isavail:0	list->isp1:0
430,240	460,270     Visible:0	42	list->isavail:0	list->isp1:0
430,270	460,300     Visible:1	43	list->isavail:1	list->isp1:1
430,300	460,330     Visible:1	44	list->isavail:1	list->isp1:0
430,330	460,360     Visible:0	45	list->isavail:0	list->isp1:0
430,360	460,390     Visible:0	46	list->isavail:0	list->isp1:0
430,390	460,420     Visible:0	47	list->isavail:0	list->isp1:0
460,180	490,210     Visible:0	48	list->isavail:0	list->isp1:0
460,210	490,240     Visible:0	49	list->isavail:0	list->isp1:0
460,240	490,270     Visible:0	50	list->isavail:0	list->isp1:0
460,270	490,300     Visible:0	51	list->isavail:0	list->isp1:0
460,300	490,330     Visible:0	52	list->isavail:0	list->isp1:0
460,330	490,360     Visible:0	53	list->isavail:0	list->isp1:0
460,360	490,390     Visible:0	54	list->isavail:0	list->isp1:0
460,390	490,420     Visible:0	55	list->isavail:0	list->isp1:0
490,180	520,210     Visible:0	56	list->isavail:0	list->isp1:0
490,210	520,240     Visible:0	57	list->isavail:0	list->isp1:0
490,240	520,270     Visible:0	58	list->isavail:0	list->isp1:0
490,270	520,300     Visible:0	59	list->isavail:0	list->isp1:0
490,300	520,330     Visible:0	60	list->isavail:0	list->isp1:0
490,330	520,360     Visible:0	61	list->isavail:0	list->isp1:0
490,360	520,390     Visible:0	62	list->isavail:0	list->isp1:0
490,390	520,420     Visible:0	63	list->isavail:0	list->isp1:0
280,180	310,210     Visible:0	0	list->isavail:0	list->isp1:0
280,210	310,240     Visible:0	1	list->isavail:0	list->isp1:0
280,240	310,270     Visible:0	2	list->isavail:0	list->isp1:0
280,270	310,300     Visible:0	3	list->isavail:0	list->isp1:0
280,300	310,330     Visible:0	4	list->isavail:0	list->isp1:0
280,330	310,360     Visible:0	5	list->isavail:0	list->isp1:0
280,360	310,390     Visible:0	6	list->isavail:0	list->isp1:0
280,390	310,420     Visible:0	7	list->isavail:0	list->isp1:0
310,180	340,210     Visible:0	8	list->isavail:0	list->isp1:0
310,210	340,240     Visible:0	9	list->isavail:0	list->isp1:0
310,240	340,270     Visible:0	10	list->isavail:0	list->isp1:0
310,270	340,300     Visible:0	11	list->isavail:0	list->isp1:0
310,300	340,330     Visible:0	12	list->isavail:0	list->isp1:0
310,330	340,360     Visible:0	13	list->isavail:0	list->isp1:0
310,360	340,390     Visible:0	14	list->isavail:0	list->isp1:0
310,390	340,420     Visible:0	15	list->isavail:0	list->isp1:0
340,180	370,210     Visible:0	16	list->isavail:0	list->isp1:0
340,210	370,240     Visible:0	17	list->isavail:0	list->isp1:0
340,240	370,270     Visible:0	18	list->isavail:0	list->isp1:0
340,270	370,300     Visible:1	19	list->isavail:1	list->isp1:0
340,300	370,330     Visible:1	20	list->isavail:1	list->isp1:1
340,330	370,360     Visible:0	21	list->isavail:0	list->isp1:0
340,360	370,390     Visible:0	22	list->isavail:0	list->isp1:0
340,390	370,420     Visible:0	23	list->isavail:0	list->isp1:0
370,180	400,210     Visible:0	24	list->isavail:0	list->isp1:0
370,210	400,240     Visible:0	25	list->isavail:0	list->isp1:0
370,240	400,270     Visible:1	26	list->isavail:1	list->isp1:0
370,270	400,300     Visible:1	27	list->isavail:0	list->isp1:0
370,300	400,330     Visible:1	28	list->isavail:0	list->isp1:1
370,330	400,360     Visible:1	29	list->isavail:1	list->isp1:1
370,360	400,390     Visible:0	30	list->isavail:0	list->isp1:0
370,390	400,420     Visible:0	31	list->isavail:0	list->isp1:0
400,180	430,210     Visible:0	32	list->isavail:0	list->isp1:0
400,210	430,240     Visible:0	33	list->isavail:0	list->isp1:0
400,240	430,270     Visible:1	34	list->isavail:1	list->isp1:1
400,270	430,300     Visible:1	35	list->isavail:0	list->isp1:1
400,300	430,330     Visible:1	36	list->isavail:0	list->isp1:0
400,330	430,360     Visible:1	37	list->isavail:1	list->isp1:0
400,360	430,390     Visible:0	38	list->isavail:0	list->isp1:0
400,390	430,420     Visible:0	39	list->isavail:0	list->isp1:0
430,180	460,210     Visible:0	40	list->isavail:0	list->isp1:0
430,210	460,240     Visible:0	41	list->isavail:0	list->isp1:0
430,240	460,270     Visible:0	42	list->isavail:0	list->isp1:0
430,270	460,300     Visible:1	43	list->isavail:1	list->isp1:1
430,300	460,330     Visible:1	44	list->isavail:1	list->isp1:0
430,330	460,360     Visible:0	45	list->isavail:0	list->isp1:0
430,360	460,390     Visible:0	46	list->isavail:0	list->isp1:0
430,390	460,420     Visible:0	47	list->isavail:0	list->isp1:0
460,180	490,210     Visible:0	48	list->isavail:0	list->isp1:0
460,210	490,240     Visible:0	49	list->isavail:0	list->isp1:0
460,240	490,270     Visible:0	50	list->isavail:0	list->isp1:0
460,270	490,300     Visible:0	51	list->isavail:0	list->isp1:0
460,300	490,330     Visible:0	52	list->isavail:0	list->isp1:0
460,330	490,360     Visible:0	53	list->isavail:0	list->isp1:0
460,360	490,390     Visible:0	54	list->isavail:0	list->isp1:0
460,390	490,420     Visible:0	55	list->isavail:0	list->isp1:0
490,180	520,210     Visible:0	56	list->isavail:0	list->isp1:0
490,210	520,240     Visible:0	57	list->isavail:0	list->isp1:0
490,240	520,270     Visible:0	58	list->isavail:0	list->isp1:0
490,270	520,300     Visible:0	59	list->isavail:0	list->isp1:0
490,300	520,330     Visible:0	60	list->isavail:0	list->isp1:0
490,330	520,360     Visible:0	61	list->isavail:0	list->isp1:0
490,360	520,390     Visible:0	62	list->isavail:0	list->isp1:0
490,390	520,420     Visible:0	63	list->isavail:0	list->isp1:0
280,180	310,210     Visible:0	0	list->isavail:0	list->isp1:0
280,210	310,240     Visible:0	1	list->isavail:0	list->isp1:0
280,240	310,270     Visible:0	2	list->isavail:0	list->isp1:0
280,270	310,300     Visible:0	3	list->isavail:0	list->isp1:0
280,300	310,330     Visible:0	4	list->isavail:0	list->isp1:0
280,330	310,360     Visible:0	5	list->isavail:0	list->isp1:0
280,360	310,390     Visible:0	6	list->isavail:0	list->isp1:0
280,390	310,420     Visible:0	7	list->isavail:0	list->isp1:0
310,180	340,210     Visible:0	8	list->isavail:0	list->isp1:0
310,210	340,240     Visible:0	9	list->isavail:0	list->isp1:0
310,240	340,270     Visible:0	10	list->isavail:0	list->isp1:0
310,270	340,300     Visible:0	11	list->isavail:0	list->isp1:0
310,300	340,330     Visible:0	12	list->isavail:0	list->isp1:0
310,330	340,360     Visible:0	13	list->isavail:0	list->isp1:0
310,360	340,390     Visible:0	14	list->isavail:0	list->isp1:0
310,390	340,420     Visible:0	15	list->isavail:0	list->isp1:0
340,180	370,210     Visible:0	16	list->isavail:0	list->isp1:0
340,210	370,240     Visible:0	17	list->isavail:0	list->isp1:0
340,240	370,270     Visible:0	18	list->isavail:0	list->isp1:0
340,270	370,300     Visible:1	19	list->isavail:1	list->isp1:0
340,300	370,330     Visible:1	20	list->isavail:1	list->isp1:1
340,330	370,360     Visible:0	21	list->isavail:0	list->isp1:0
340,360	370,390     Visible:0	22	list->isavail:0	list->isp1:0
340,390	370,420     Visible:0	23	list->isavail:0	list->isp1:0
370,180	400,210     Visible:0	24	list->isavail:0	list->isp1:0
370,210	400,240     Visible:0	25	list->isavail:0	list->isp1:0
370,240	400,270     Visible:1	26	list->isavail:1	list->isp1:0
370,270	400,300     Visible:1	27	list->isavail:0	list->isp1:0
370,300	400,330     Visible:1	28	list->isavail:0	list->isp1:1
370,330	400,360     Visible:1	29	list->isavail:1	list->isp1:1
370,360	400,390     Visible:0	30	list->isavail:0	list->isp1:0
370,390	400,420     Visible:0	31	list->isavail:0	list->isp1:0
400,180	430,210     Visible:0	32	list->isavail:0	list->isp1:0
400,210	430,240     Visible:0	33	list->isavail:0	list->isp1:0
400,240	430,270     Visible:1	34	list->isavail:1	list->isp1:1
400,270	430,300     Visible:1	35	list->isavail:0	list->isp1:1
400,300	430,330     Visible:1	36	list->isavail:0	list->isp1:0
400,330	430,360     Visible:1	37	list->isavail:1	list->isp1:0
400,360	430,390     Visible:0	38	list->isavail:0	list->isp1:0
400,390	430,420     Visible:0	39	list->isavail:0	list->isp1:0
430,180	460,210     Visible:0	40	list->isavail:0	list->isp1:0
430,210	460,240     Visible:0	41	list->isavail:0	list->isp1:0
430,240	460,270     Visible:0	42	list->isavail:0	list->isp1:0
430,270	460,300     Visible:1	43	list->isavail:1	list->isp1:1
430,300	460,330     Visible:1	44	list->isavail:1	list->isp1:0
430,330	460,360     Visible:0	45	list->isavail:0	list->isp1:0
430,360	460,390     Visible:0	46	list->isavail:0	list->isp1:0
430,390	460,420     Visible:0	47	list->isavail:0	list->isp1:0
460,180	490,210     Visible:0	48	list->isavail:0	list->isp1:0
460,210	490,240     Visible:0	49	list->isavail:0	list->isp1:0
460,240	490,270     Visible:0	50	list->isavail:0	list->isp1:0
460,270	490,300     Visible:0	51	list->isavail:0	list->isp1:0
460,300	490,330     Visible:0	52	list->isavail:0	list->isp1:0
460,330	490,360     Visible:0	53	list->isavail:0	list->isp1:0
460,360	490,390     Visible:0	54	list->isavail:0	list->isp1:0
460,390	490,420     Visible:0	55	list->isavail:0	list->isp1:0
490,180	520,210     Visible:0	56	list->isavail:0	list->isp1:0
490,210	520,240     Visible:0	57	list->isavail:0	list->isp1:0
490,240	520,270     Visible:0	58	list->isavail:0	list->isp1:0
490,270	520,300     Visible:0	59	list->isavail:0	list->isp1:0
490,300	520,330     Visible:0	60	list->isavail:0	list->isp1:0
490,330	520,360     Visible:0	61	list->isavail:0	list->isp1:0
490,360	520,390     Visible:0	62	list->isavail:0	list->isp1:0
490,390	520,420     Visible:0	63	list->isavail:0	list->isp1:0
280,180	310,210     Visible:0	0	list->isavail:0	list->isp1:0
280,210	310,240     Visible:0	1	list->isavail:0	list->isp1:0
280,240	310,270     Visible:0	2	list->isavail:0	list->isp1:0
280,270	310,300     Visible:1	3	list->isavail:1	list->isp1:0
280,300	310,330     Visible:0	4	list->isavail:0	list->isp1:0
280,330	310,360     Visible:0	5	list->isavail:0	list->isp1:0
280,360	310,390     Visible:0	6	list->isavail:0	list->isp1:0
280,390	310,420     Visible:0	7	list->isavail:0	list->isp1:0
310,180	340,210     Visible:0	8	list->isavail:0	list->isp1:0
310,210	340,240     Visible:0	9	list->isavail:0	list->isp1:0
310,240	340,270     Visible:1	10	list->isavail:1	list->isp1:0
310,270	340,300     Visible:1	11	list->isavail:0	list->isp1:1
310,300	340,330     Visible:1	12	list->isavail:1	list->isp1:0
310,330	340,360     Visible:0	13	list->isavail:0	list->isp1:0
310,360	340,390     Visible:0	14	list->isavail:0	list->isp1:0
310,390	340,420     Visible:0	15	list->isavail:0	list->isp1:0
340,180	370,210     Visible:0	16	list->isavail:0	list->isp1:0
340,210	370,240     Visible:0	17	list->isavail:0	list->isp1:0
340,240	370,270     Visible:1	18	list->isavail:1	list->isp1:1
340,270	370,300     Visible:1	19	list->isavail:0	list->isp1:0
340,300	370,330     Visible:1	20	list->isavail:0	list->isp1:1
340,330	370,360     Visible:1	21	list->isavail:1	list->isp1:0
340,360	370,390     Visible:0	22	list->isavail:0	list->isp1:0
340,390	370,420     Visible:0	23	list->isavail:0	list->isp1:0
370,180	400,210     Visible:0	24	list->isavail:0	list->isp1:0
370,210	400,240     Visible:0	25	list->isavail:0	list->isp1:0
370,240	400,270     Visible:1	26	list->isavail:1	list->isp1:0
370,270	400,300     Visible:1	27	list->isavail:0	list->isp1:0
370,300	400,330     Visible:1	28	list->isavail:0	list->isp1:1
370,330	400,360     Visible:1	29	list->isavail:1	list->isp1:1
370,360	400,390     Visible:0	30	list->isavail:0	list->isp1:0
370,390	400,420     Visible:0	31	list->isavail:0	list->isp1:0
400,180	430,210     Visible:0	32	list->isavail:0	list->isp1:0
400,210	430,240     Visible:0	33	list->isavail:0	list->isp1:0
400,240	430,270     Visible:1	34	list->isavail:1	list->isp1:1
400,270	430,300     Visible:1	35	list->isavail:0	list->isp1:1
400,300	430,330     Visible:1	36	list->isavail:0	list->isp1:0
400,330	430,360     Visible:1	37	list->isavail:1	list->isp1:0
400,360	430,390     Visible:0	38	list->isavail:0	list->isp1:0
400,390	430,420     Visible:0	39	list->isavail:0	list->isp1:0
430,180	460,210     Visible:0	40	list->isavail:0	list->isp1:0
430,210	460,240     Visible:0	41	list->isavail:0	list->isp1:0
430,240	460,270     Visible:0	42	list->isavail:0	list->isp1:0
430,270	460,300     Visible:1	43	list->isavail:1	list->isp1:1
430,300	460,330     Visible:1	44	list->isavail:1	list->isp1:0
430,330	460,360     Visible:0	45	list->isavail:0	list->isp1:0
430,360	460,390     Visible:0	46	list->isavail:0	list->isp1:0
430,390	460,420     Visible:0	47	list->isavail:0	list->isp1:0
460,180	490,210     Visible:0	48	list->isavail:0	list->isp1:0
460,210	490,240     Visible:0	49	list->isavail:0	list->isp1:0
460,240	490,270     Visible:0	50	list->isavail:0	list->isp1:0
460,270	490,300     Visible:0	51	list->isavail:0	list->isp1:0
460,300	490,330     Visible:0	52	list->isavail:0	list->isp1:0
460,330	490,360     Visible:0	53	list->isavail:0	list->isp1:0
460,360	490,390     Visible:0	54	list->isavail:0	list->isp1:0
460,390	490,420     Visible:0	55	list->isavail:0	list->isp1:0
490,180	520,210     Visible:0	56	list->isavail:0	list->isp1:0
490,210	520,240     Visible:0	57	list->isavail:0	list->isp1:0
490,240	520,270     Visible:0	58	list->isavail:0	list->isp1:0
490,270	520,300     Visible:0	59	list->isavail:0	list->isp1:0
490,300	520,330     Visible:0	60	list->isavail:0	list->isp1:0
490,330	520,360     Visible:0	61	list->isavail:0	list->isp1:0
490,360	520,390     Visible:0	62	list->isavail:0	list->isp1:0
490,390	520,420     Visible:0	63	list->isavail:0	list->isp1:0
280,180	310,210     Visible:0	0	list->isavail:0	list->isp1:0
280,210	310,240     Visible:0	1	list->isavail:0	list->isp1:0
280,240	310,270     Visible:0	2	list->isavail:0	list->isp1:0
280,270	310,300     Visible:0	3	list->isavail:0	list->isp1:0
280,300	310,330     Visible:0	4	list->isavail:0	list->isp1:0
280,330	310,360     Visible:0	5	list->isavail:0	list->isp1:0
280,360	310,390     Visible:0	6	list->isavail:0	list->isp1:0
280,390	310,420     Visible:0	7	list->isavail:0	list->isp1:0
310,180	340,210     Visible:0	8	list->isavail:0	list->isp1:0
310,210	340,240     Visible:0	9	list->isavail:0	list->isp1:0
310,240	340,270     Visible:0	10	list->isavail:0	list->isp1:0
310,270	340,300     Visible:0	11	list->isavail:0	list->isp1:0
310,300	340,330     Visible:0	12	list->isavail:0	list->isp1:0
310,330	340,360     Visible:0	13	list->isavail:0	list->isp1:0
310,360	340,390     Visible:0	14	list->isavail:0	list->isp1:0
310,390	340,420     Visible:0	15	list->isavail:0	list->isp1:0
340,180	370,210     Visible:0	16	list->isavail:0	list->isp1:0
340,210	370,240     Visible:0	17	list->isavail:0	list->isp1:0
340,240	370,270     Visible:0	18	list->isavail:0	list->isp1:0
340,270	370,300     Visible:1	19	list->isavail:1	list->isp1:0
340,300	370,330     Visible:1	20	list->isavail:1	list->isp1:1
340,330	370,360     Visible:0	21	list->isavail:0	list->isp1:0
340,360	370,390     Visible:0	22	list->isavail:0	list->isp1:0
340,390	370,420     Visible:0	23	list->isavail:0	list->isp1:0
370,180	400,210     Visible:0	24	list->isavail:0	list->isp1:0
370,210	400,240     Visible:0	25	list->isavail:0	list->isp1:0
370,240	400,270     Visible:1	26	list->isavail:1	list->isp1:0
370,270	400,300     Visible:1	27	list->isavail:0	list->isp1:0
370,300	400,330     Visible:1	28	list->isavail:0	list->isp1:1
370,330	400,360     Visible:1	29	list->isavail:1	list->isp1:1
370,360	400,390     Visible:0	30	list->isavail:0	list->isp1:0
370,390	400,420     Visible:0	31	list->isavail:0	list->isp1:0
400,180	430,210     Visible:0	32	list->isavail:0	list->isp1:0
400,210	430,240     Visible:0	33	list->isavail:0	list->isp1:0
400,240	430,270     Visible:1	34	list->isavail:1	list->isp1:1
400,270	430,300     Visible:1	35	list->isavail:0	list->isp1:1
400,300	430,330     Visible:1	36	list->isavail:0	list->isp1:0
400,330	430,360     Visible:1	37	list->isavail:1	list->isp1:0
400,360	430,390     Visible:0	38	list->isavail:0	list->isp1:0
400,390	430,420     Visible:0	39	list->isavail:0	list->isp1:0
430,180	460,210     Visible:0	40	list->isavail:0	list->isp1:0
430,210	460,240     Visible:0	41	list->isavail:0	list->isp1:0
430,240	460,270     Visible:0	42	list->isavail:0	list->isp1:0
430,270	460,300     Visible:1	43	list->isavail:1	list->isp1:1
430,300	460,330     Visible:1	44	list->isavail:1	list->isp1:0
430,330	460,360     Visible:0	45	list->isavail:0	list->isp1:0
430,360	460,390     Visible:0	46	list->isavail:0	list->isp1:0
430,390	460,420     Visible:0	47	list->isavail:0	list->isp1:0
460,180	490,210     Visible:0	48	list->isavail:0	list->isp1:0
460,210	490,240     Visible:0	49	list->isavail:0	list->isp1:0
460,240	490,270     Visible:0	50	list->isavail:0	list->isp1:0
460,270	490,300     Visible:0	51	list->isavail:0	list->isp1:0
460,300	490,330     Visible:0	52	list->isavail:0	list->isp1:0
460,330	490,360     Visible:0	53	list->isavail:0	list->isp1:0
460,360	490,390     Visible:0	54	list->isavail:0	list->isp1:0
460,390	490,420     Visible:0	55	list->isavail:0	list->isp1:0
490,180	520,210     Visible:0	56	list->isavail:0	list->isp1:0
490,210	520,240     Visible:0	57	list->isavail:0	list->isp1:0
490,240	520,270     Visible:0	58	list->isavail:0	list->isp1:0
490,270	520,300     Visible:0	59	list->isavail:0	list->isp1:0
490,300	520,330     Visible:0	60	list->isavail:0	list->isp1:0
490,330	520,360     Visible:0	61	list->isavail:0	list->isp1:0
490,360	520,390     Visible:0	62	list->isavail:0	list->isp1:0
490,390	520,420     Visible:0	63	list->isavail:0	list->isp1:0
280,180	310,210     Visible:0	0	list->isavail:0	list->isp1:0
280,210	310,240     Visible:0	1	list->isavail:0	list->isp1:0
280,240	310,270     Visible:0	2	list->isavail:0	list->isp1:0
280,270	310,300     Visible:0	3	list->isavail:0	list->isp1:0
280,300	310,330     Visible:0	4	list->isavail:0	list->isp1:0
280,330	310,360     Visible:0	5	list->isavail:0	list->isp1:0
280,360	310,390     Visible:0	6	list->isavail:0	list->isp1:0
280,390	310,420     Visible:0	7	list->isavail:0	list->isp1:0
310,180	340,210     Visible:0	8	list->isavail:0	list->isp1:0
310,210	340,240     Visible:0	9	list->isavail:0	list->isp1:0
310,240	340,270     Visible:0	10	list->isavail:0	list->isp1:0
310,270	340,300     Visible:0	11	list->isavail:0	list->isp1:0
310,300	340,330     Visible:0	12	list->isavail:0	list->isp1:0
310,330	340,360     Visible:0	13	list->isavail:0	list->isp1:0
310,360	340,390     Visible:0	14	list->isavail:0	list->isp1:0
310,390	340,420     Visible:0	15	list->isavail:0	list->isp1:0
340,180	370,210     Visible:0	16	list->isavail:0	list->isp1:0
340,210	370,240     Visible:0	17	list->isavail:0	list->isp1:0
340,240	370,270     Visible:0	18	list->isavail:0	list->isp1:0
340,270	370,300     Visible:1	19	list->isavail:1	list->isp1:0
340,300	370,330     Visible:1	20	list->isavail:1	list->isp1:1
340,330	370,360     Visible:0	21	list->isavail:0	list->isp1:0
340,360	370,390     Visible:0	22	list->isavail:0	list->isp1:0
340,390	370,420     Visible:0	23	list->isavail:0	list->isp1:0
370,180	400,210     Visible:0	24	list->isavail:0	list->isp1:0
370,210	400,240     Visible:0	25	list->isavail:0	list->isp1:0
370,240	400,270     Visible:1	26	list->isavail:1	list->isp1:0
370,270	400,300     Visible:1	27	list->isavail:0	list->isp1:0
370,300	400,330     Visible:1	28	list->isavail:0	list->isp1:1
370,330	400,360     Visible:1	29	list->isavail:1	list->isp1:1
370,360	400,390     Visible:0	30	list->isavail:0	list->isp1:0
370,390	400,420     Visible:0	31	list->isavail:0	list->isp1:0
400,180	430,210     Visible:0	32	list->isavail:0	list->isp1:0
400,210	430,240     Visible:0	33	list->isavail:0	list->isp1:0
400,240	430,270     Visible:1	34	list->isavail:1	list->isp1:1
400,270	430,300     Visible:1	35	list->isavail:0	list->isp1:1
400,300	430,330     Visible:1	36	list->isavail:0	list->isp1:0
400,330	430,360     Visible:1	37	list->isavail:1	list->isp1:0
400,360	430,390     Visible:0	38	list->isavail:0	list->isp1:0
400,390	430,420     Visible:0	39	list->isavail:0	list->isp1:0
430,180	460,210     Visible:0	40	list->isavail:0	list->isp1:0
430,210	460,240     Visible:0	41	list->isavail:0	list->isp1:0
430,240	460,270     Visible:0	42	list->isavail:0	list->isp1:0
430,270	460,300     Visible:1	43	list->isavail:1	list->isp1:1
430,300	460,330     Visible:1	44	list->isavail:1	list->isp1:0
430,330	460,360     Visible:0	45	list->isavail:0	list->isp1:0
430,360	460,390     Visible:0	46	list->isavail:0	list->isp1:0
430,390	460,420     Visible:0	47	list->isavail:0	list->isp1:0
460,180	490,210     Visible:0	48	list->isavail:0	list->isp1:0
460,210	490,240     Visible:0	49	list->isavail:0	list->isp1:0
460,240	490,270     Visible:0	50	list->isavail:0	list->isp1:0
460,270	490,300     Visible:0	51	list->isavail:0	list->isp1:0
460,300	490,330     Visible:0	52	list->isavail:0	list->isp1:0
460,330	490,360     Visible:0	53	list->isavail:0	list->isp1:0
460,360	490,390     Visible:0	54	list->isavail:0	list->isp1:0
460,390	490,420     Visible:0	55	list->isavail:0	list->isp1:0
490,180	520,210     Visible:0	56	list->isavail:0	list->isp1:0
490,210	520,240     Visible:0	57	list->isavail:0	list->isp1:0
490,240	520,270     Visible:0	58	list->isavail:0	list->isp1:0
490,270	520,300     Visible:0	59	list->isavail:0	list->isp1:0
490,300	520,330     Visible:0	60	list->isavail:0	list->isp1:0
490,330	520,360     Visible:0	61	list->isavail:0	list->isp1:0
490,360	520,390     Visible:0	62	list->isavail:0	list->isp1:0
490,390	520,420     Visible:0	63	list->isavail:0	list->isp1:0
280,180	310,210     Visible:0	0	list->isavail:0	list->isp1:0
280,210	310,240     Visible:0	1	list->isavail:0	list->isp1:0
280,240	310,270     Visible:0	2	list->isavail:0	list->isp1:0
280,270	310,300     Visible:0	3	list->isavail:0	list->isp1:0
280,300	310,330     Visible:0	4	list->isavail:0	list->isp1:0
280,330	310,360     Visible:0	5	list->isavail:0	list->isp1:0
280,360	310,390     Visible:0	6	list->isavail:0	list->isp1:0
280,390	310,420     Visible:0	7	list->isavail:0	list->isp1:0
310,180	340,210     Visible:0	8	list->isavail:0	list->isp1:0
310,210	340,240     Visible:0	9	list->isavail:0	list->isp1:0
310,240	340,270     Visible:0	10	list->isavail:0	list->isp1:0
310,270	340,300     Visible:0	11	list->isavail:0	list->isp1:0
310,300	340,330     Visible:0	12	list->isavail:0	list->isp1:0
310,330	340,360     Visible:0	13	list->isavail:0	list->isp1:0
310,360	340,390     Visible:0	14	list->isavail:0	list->isp1:0
310,390	340,420     Visible:0	15	list->isavail:0	list->isp1:0
340,180	370,210     Visible:0	16	list->isavail:0	list->isp1:0
340,210	370,240     Visible:0	17	list->isavail:0	list->isp1:0
340,240	370,270     Visible:0	18	list->isavail:0	list->isp1:0
340,270	370,300     Visible:1	19	list->isavail:1	list->isp1:0
340,300	370,330     Visible:0	20	list->isavail:0	list->isp1:0
340,330	370,360     Visible:0	21	list->isavail:0	list->isp1:0
340,360	370,390     Visible:0	22	list->isavail:0	list->isp1:0
340,390	370,420     Visible:0	23	list->isavail:0	list->isp1:0
370,180	400,210     Visible:0	24	list->isavail:0	list->isp1:0
370,210	400,240     Visible:0	25	list->isavail:0	list->isp1:0
370,240	400,270     Visible:1	26	list->isavail:1	list->isp1:0
370,270	400,300     Visible:1	27	list->isavail:0	list->isp1:0
370,300	400,330     Visible:1	28	list->isavail:1	list->isp1:0
370,330	400,360     Visible:0	29	list->isavail:0	list->isp1:0
370,360	400,390     Visible:0	30	list->isavail:0	list->isp1:0
370,390	400,420     Visible:0	31	list->isavail:0	list->isp1:0
400,180	430,210     Visible:0	32	list->isavail:0	list->isp1:0
400,210	430,240     Visible:0	33	list->isavail:0	list->isp1:0
400,240	430,270     Visible:0	34	list->isavail:0	list->isp1:0
400,270	430,300     Visible:1	35	list->isavail:1	list->isp1:0
400,300	430,330     Visible:1	36	list->isavail:0	list->isp1:0
400,330	430,360     Visible:1	37	list->isavail:1	list->isp1:0
400,360	430,390     Visible:0	38	list->isavail:0	list->isp1:0
400,390	430,420     Visible:0	39	list->isavail:0	list->isp1:0
430,180	460,210     Visible:0	40	list->isavail:0	list->isp1:0
430,210	460,240     Visible:0	41	list->isavail:0	list->isp1:0
430,240	460,270     Visible:0	42	list->isavail:0	list->isp1:0
430,270	460,300     Visible:0	43	list->isavail:0	list->isp1:0
430,300	460,330     Visible:1	44	list->isavail:1	list->isp1:0
430,330	460,360     Visible:0	45	list->isavail:0	list->isp1:0
430,360	460,390     Visible:0	46	list->isavail:0	list->isp1:0
430,390	460,420     Visible:0	47	list->isavail:0	list->isp1:0
460,180	490,210     Visible:0	48	list->isavail:0	list->isp1:0
460,210	490,240     Visible:0	49	list->isavail:0	list->isp1:0
460,240	490,270     Visible:0	50	list->isavail:0	list->isp1:0
460,270	490,300     Visible:0	51	list->isavail:0	list->isp1:0
460,300	490,330     Visible:0	52	list->isavail:0	list->isp1:0
460,330	490,360     Visible:0	53	list->isavail:0	list->isp1:0
460,360	490,390     Visible:0	54	list->isavail:0	list->isp1:0
460,390	490,420     Visible:0	55	list->isavail:0	list->isp1:0
490,180	520,210     Visible:0	56	list->isavail:0	list->isp1:0
490,210	520,240     Visible:0	57	list->isavail:0	list->isp1:0
490,240	520,270     Visible:0	58	list->isavail:0	list->isp1:0
490,270	520,300     Visible:0	59	list->isavail:0	list->isp1:0
490,300	520,330     Visible:0	60	list->isavail:0	list->isp1:0
490,330	520,360     Visible:0	61	list->isavail:0	list->isp1:0
490,360	520,390     Visible:0	62	list->isavail:0	list->isp1:0
490,390	520,420     Visible:0	63	list->isavail:0	list->isp1:0
